#-----------------------------------------------------------
# Vivado v2019.1 (64-bit)
# SW Build 2552052 on Fri May 24 14:49:42 MDT 2019
# IP Build 2548770 on Fri May 24 18:01:18 MDT 2019
# Start of session at: Mon Mar 27 12:24:03 2023
# Process ID: 21816
# Current directory: C:/Users/Joan Daniel A/Downloads/zynq_social_distancing FINAL/zynq_social_distancing/project_1
# Command line: vivado.exe -gui_launcher_event rodinguilauncherevent17220 C:\Users\Joan Daniel A\Downloads\zynq_social_distancing FINAL\zynq_social_distancing\project_1\project_1.xpr
# Log file: C:/Users/Joan Daniel A/Downloads/zynq_social_distancing FINAL/zynq_social_distancing/project_1/vivado.log
# Journal file: C:/Users/Joan Daniel A/Downloads/zynq_social_distancing FINAL/zynq_social_distancing/project_1\vivado.jou
#-----------------------------------------------------------
start_gui
open_project {C:/Users/Joan Daniel A/Downloads/zynq_social_distancing FINAL/zynq_social_distancing/project_1/project_1.xpr}
INFO: [ProjectBase 1-489] The host OS only allows 260 characters in a normal path. The project is stored in a path with more than 80 characters. If you experience issues with IP, Block Designs, or files not being found, please consider moving the project to a location with a shorter path. Alternately consider using the OS subst command to map part of the path to a drive letter.
Current project path is 'C:/Users/Joan Daniel A/Downloads/zynq_social_distancing FINAL/zynq_social_distancing/project_1'
INFO: [Project 1-313] Project file moved from 'D:/zynq_social_distancing/project_1' since last save.
Scanning sources...
Finished scanning sources
CRITICAL WARNING: [Board 49-67] The board_part definition was not found for allaboutfpga.com:edgez7_10:part0:1.0. This can happen sometimes when you use custom board part. You can resolve this issue by setting 'board.repoPaths' parameter, pointing to the location of custom board files. Valid board_part values can be retrieved with the 'get_board_parts' Tcl command.
INFO: [IP_Flow 19-234] Refreshing IP repositories
INFO: [IP_Flow 19-1704] No user IP repositories specified
INFO: [IP_Flow 19-2313] Loaded Vivado IP repository 'C:/Xilinx/Vivado/2019.1/data/ip'.
update_compile_order -fileset sources_1
exit
INFO: [Common 17-206] Exiting Vivado at Mon Mar 27 12:27:23 2023...
